-----------------------------------------------------------------------
| Key           | Values                                              |
-----------------------------------------------------------------------
| phylTree.conf | /Users/alouis/VirtEnv_AGORA/Agora/data/Species.conf |
| target        | A0                                                  |
| genesFiles    | ~/VirtEnv_AGORA/Agora/data/genes/genes.%s.list.bz2  |
| ancGenesFiles | ancGenes/size-0.9-1.1/ancGenes.%s.list.bz2          |
| OUT.pairwise  | diags/pairwise/pairs-size-0.9-1.1/%s.list.bz2       |
-----------------------------------------------------------------------
Loading genome of ~/VirtEnv_AGORA/Agora/data/genes/genes.M5.list.bz2 ... (Ensembl) OK
Loading genome of ancGenes/size-0.9-1.1/ancGenes.A2.list.bz2 ... (ancestral genes) OK
Loading genome of ancGenes/size-0.9-1.1/ancGenes.A0.list.bz2 ... (ancestral genes) OK
Extraction of pairs of genes from M5  Loading genome of ~/VirtEnv_AGORA/Agora/data/genes/genes.M4.list.bz2 ... (Ensembl) OK
Extraction of pairs of genes from M4  Loading genome of ~/VirtEnv_AGORA/Agora/data/genes/genes.M1.list.bz2 ... (Ensembl) OK
Loading genome of ancGenes/size-0.9-1.1/ancGenes.A3.list.bz2 ... (ancestral genes) OK
Loading genome of ancGenes/size-0.9-1.1/ancGenes.A1.list.bz2 ... (ancestral genes) OK
Extraction of pairs of genes from M1  Loading genome of ~/VirtEnv_AGORA/Agora/data/genes/genes.M3.list.bz2 ... (Ensembl) OK
Extraction of pairs of genes from M3  Loading genome of ~/VirtEnv_AGORA/Agora/data/genes/genes.M2.list.bz2 ... (Ensembl) OK
Extraction of pairs of genes from M2  time for task1 2.92885708809
Number of pairs for A1 [('A3', 13035), ('M3', 12336)]
Intersection between A3 and M3 ... OK
11521 conserved pairs between descendants A1
Number of pairs for A0 [('A1', 9327), ('A2', 8210)]
Intersection between A1 and A2 ... OK
7523 conserved pairs between descendants A0
Number of pairs for A3 [('M1', 14321), ('M2', 14324)]
Intersection between M1 and M2 ... OK
13570 conserved pairs between descendants A3
Number of pairs for A2 [('M4', 9806), ('M5', 8177)]
Intersection between M4 and M5 ... OK
8059 conserved pairs between descendants A2
time for task 2 1.39592194557
11850 conserved pairs for A1
7523 conserved pairs for A0
14116 conserved pairs for A3
9275 conserved pairs for A2
Elapsed time task3: 0.609143018723 4.93395996094
